C:\USERS\CLAYTON.CHOI\DESKTOP\BASEBALL\BASEBALL\DEBUG\BASEBALLFUNC.OBJ
C:\USERS\CLAYTON.CHOI\DESKTOP\BASEBALL\BASEBALL\DEBUG\BASEBALLUI.OBJ
C:\USERS\CLAYTON.CHOI\DESKTOP\BASEBALL\BASEBALL\DEBUG\MAINUI.OBJ
C:\USERS\CLAYTON.CHOI\DESKTOP\BASEBALL\BASEBALL\DEBUG\VC110.PDB
C:\USERS\CLAYTON.CHOI\DESKTOP\BASEBALL\DEBUG\BASEBALL.ILK
C:\USERS\CLAYTON.CHOI\DESKTOP\BASEBALL\DEBUG\BASEBALL.EXE
C:\USERS\CLAYTON.CHOI\DESKTOP\BASEBALL\DEBUG\BASEBALL.PDB
D:\Address-book\Baseball\Baseball\Debug\BaseballFunc.obj
D:\Address-book\Baseball\Baseball\Debug\BaseballUI.obj
D:\Address-book\Baseball\Baseball\Debug\mainUI.obj
D:\Address-book\Baseball\Baseball\Debug\cl.command.1.tlog
D:\Address-book\Baseball\Baseball\Debug\CL.read.1.tlog
D:\Address-book\Baseball\Baseball\Debug\CL.write.1.tlog
D:\Address-book\Baseball\Baseball\Debug\link-cvtres.read.1.tlog
D:\Address-book\Baseball\Baseball\Debug\link-cvtres.write.1.tlog
D:\Address-book\Baseball\Baseball\Debug\link-rc.read.1.tlog
D:\Address-book\Baseball\Baseball\Debug\link-rc.write.1.tlog
D:\Address-book\Baseball\Baseball\Debug\link.command.1.tlog
D:\Address-book\Baseball\Baseball\Debug\link.read.1.tlog
D:\Address-book\Baseball\Baseball\Debug\link.write.1.tlog
D:\Address-book\Baseball\Baseball\Debug\vc110.idb
D:\Address-book\Baseball\Baseball\Debug\vc110.pdb
D:\Address-book\Baseball\Debug\Baseball.pdb
D:\Address-book\Baseball\Debug\Baseball.exe
D:\Address-book\Baseball\Debug\Baseball.ilk
